<?xml version="1.0" encoding="UTF-8" ?>
<testsuite errors="0" failures="0" hostname="Pallavi" name="test.MyTest" tests="1" time="0.328" timestamp="2015-01-12T02:44:02">
  <properties>
    <property name="java.vendor" value="Oracle Corporation" />
    <property name="sun.java.launcher" value="SUN_STANDARD" />
    <property name="eclipse.pdebuild.templates" value="/C:/Softwares/eclipse-jee-indigo-SR2-win32-x86_64/eclipse/plugins/org.eclipse.pde.build_3.7.0.v20111116-2009/templates/" />
    <property name="sun.management.compiler" value="HotSpot Client Compiler" />
    <property name="os.name" value="Windows 8.1" />
    <property name="sun.boot.class.path" value="C:\Program Files (x86)\Java\jre7\lib\resources.jar;C:\Program Files (x86)\Java\jre7\lib\rt.jar;C:\Program Files (x86)\Java\jre7\lib\sunrsasign.jar;C:\Program Files (x86)\Java\jre7\lib\jsse.jar;C:\Program Files (x86)\Java\jre7\lib\jce.jar;C:\Program Files (x86)\Java\jre7\lib\charsets.jar;C:\Program Files (x86)\Java\jre7\lib\jfr.jar;C:\Program Files (x86)\Java\jre7\classes" />
    <property name="sun.desktop" value="windows" />
    <property name="java.vm.specification.vendor" value="Oracle Corporation" />
    <property name="ant.home" value="C:\Softwares\eclipse-jee-indigo-SR2-win32-x86_64\eclipse\plugins\org.apache.ant_1.8.2.v20120109-1030" />
    <property name="java.runtime.version" value="1.7.0_55-b14" />
    <property name="user.name" value="Pallavi C" />
    <property name="build.dir" value="C:\EclipseWorkspace\JAXBandAnt\bin" />
    <property name="user.language" value="en" />
    <property name="test.report.dir" value="C:\EclipseWorkspace\JAXBandAnt\testreport" />
    <property name="sun.boot.library.path" value="C:\Program Files (x86)\Java\jre7\bin" />
    <property name="ant.file.type.Ant-Test" value="file" />
    <property name="ant.project.default-target" value="main" />
    <property name="ant.project.name" value="Ant-Test" />
    <property name="java.version" value="1.7.0_55" />
    <property name="user.timezone" value="" />
    <property name="sun.arch.data.model" value="32" />
    <property name="java.endorsed.dirs" value="C:\Program Files (x86)\Java\jre7\lib\endorsed" />
    <property name="sun.cpu.isalist" value="pentium_pro+mmx pentium_pro pentium+mmx pentium i486 i386 i86" />
    <property name="sun.jnu.encoding" value="Cp1252" />
    <property name="file.encoding.pkg" value="sun.io" />
    <property name="file.separator" value="\" />
    <property name="java.specification.name" value="Java Platform API Specification" />
    <property name="java.class.version" value="51.0" />
    <property name="user.country" value="IN" />
    <property name="java.home" value="C:\Program Files (x86)\Java\jre7" />
    <property name="java.vm.info" value="mixed mode, sharing" />
    <property name="ant.file" value="C:\EclipseWorkspace\JAXBandAnt\build_with_junit.xml" />
    <property name="os.version" value="6.3" />
    <property name="path.separator" value=";" />
    <property name="java.vm.version" value="24.55-b03" />
    <property name="user.variant" value="" />
    <property name="ant.library.dir" value="C:\Softwares\eclipse-jee-indigo-SR2-win32-x86_64\eclipse\plugins\org.apache.ant_1.8.2.v20120109-1030\lib" />
    <property name="java.awt.printerjob" value="sun.awt.windows.WPrinterJob" />
    <property name="sun.io.unicode.encoding" value="UnicodeLittle" />
    <property name="awt.toolkit" value="sun.awt.windows.WToolkit" />
    <property name="user.script" value="" />
    <property name="eclipse.pdebuild.scripts" value="/C:/Softwares/eclipse-jee-indigo-SR2-win32-x86_64/eclipse/plugins/org.eclipse.pde.build_3.7.0.v20111116-2009/scripts/" />
    <property name="user.home" value="C:\Users\Pallavi C" />
    <property name="java.specification.vendor" value="Oracle Corporation" />
    <property name="test.dir" value="C:\EclipseWorkspace\JAXBandAnt\src" />
    <property name="java.library.path" value="C:\Program Files (x86)\Java\jdk1.7.0_09\jre\bin;C:\WINDOWS\Sun\Java\bin;C:\WINDOWS\system32;C:\WINDOWS;C:\Program Files (x86)\Rtools\bin;C:\Program Files (x86)\Rtools\gcc-4.6.3\bin;C:\Program Files (x86)\Intel\iCLS Client\;C:\Program Files\Intel\iCLS Client\;C:\WINDOWS\system32;C:\WINDOWS;C:\WINDOWS\System32\Wbem;C:\WINDOWS\System32\WindowsPowerShell\v1.0\;C:\Program Files (x86)\Windows Live\Shared;C:\Program Files (x86)\Intel\OpenCL SDK\2.0\bin\x86;C:\Program Files (x86)\Intel\OpenCL SDK\2.0\bin\x64;C:\Program Files\Intel\Intel(R) Management Engine Components\DAL;C:\Program Files\Intel\Intel(R) Management Engine Components\IPT;C:\Program Files (x86)\Intel\Intel(R) Management Engine Components\DAL;C:\Program Files (x86)\Intel\Intel(R) Management Engine Components\IPT;C:\Program Files (x86)\Java\jdk1.7.0_09\bin;C:\Program Files (x86)\Windows Kits\8.1\Windows Performance Toolkit\;C:\Program Files (x86)\Java\jdk1.7.0_09\jre\bin\server;C:\Program Files (x86)\Java\jre7\bin\client;C:\Softwares\apache-maven-3.2.3\bin;C:\Program Files (x86)\sbt\;.;C:\Softwares\eclipse-jee-indigo-SR2-win32-x86_64\eclipse\configuration\org.eclipse.osgi\bundles\595\1\.cp" />
    <property name="java.vendor.url" value="http://java.oracle.com/" />
    <property name="ant.file.Ant-Test" value="C:\EclipseWorkspace\JAXBandAnt\build_with_junit.xml" />
    <property name="java.vm.vendor" value="Oracle Corporation" />
    <property name="java.runtime.name" value="Java(TM) SE Runtime Environment" />
    <property name="sun.java.command" value="org.eclipse.ant.internal.launching.remote.InternalAntRunner -Dorg.eclipse.ant.core.ANT_PROCESS_ID=1421030637525 -Declipse.connect.port=55330 -Declipse.pdebuild.home=/C:/Softwares/eclipse-jee-indigo-SR2-win32-x86_64/eclipse/plugins/org.eclipse.pde.build_3.7.0.v20111116-2009/./ -Declipse.pdebuild.scripts=/C:/Softwares/eclipse-jee-indigo-SR2-win32-x86_64/eclipse/plugins/org.eclipse.pde.build_3.7.0.v20111116-2009/scripts/ -Declipse.pdebuild.templates=/C:/Softwares/eclipse-jee-indigo-SR2-win32-x86_64/eclipse/plugins/org.eclipse.pde.build_3.7.0.v20111116-2009/templates/ -Dant.home=C:\Softwares\eclipse-jee-indigo-SR2-win32-x86_64\eclipse\plugins\org.apache.ant_1.8.2.v20120109-1030 -logger org.eclipse.ant.internal.launching.remote.logger.RemoteAntBuildLogger -inputhandler org.eclipse.ant.internal.ui.antsupport.inputhandler.ProxyInputHandler -buildfile C:\EclipseWorkspace\JAXBandAnt\build_with_junit.xml" />
    <property name="java.class.path" value="C:\Softwares\eclipse-jee-indigo-SR2-win32-x86_64\eclipse\plugins\org.apache.ant_1.8.2.v20120109-1030\lib\ant-antlr.jar;C:\Softwares\eclipse-jee-indigo-SR2-win32-x86_64\eclipse\plugins\org.apache.ant_1.8.2.v20120109-1030\lib\ant-apache-bcel.jar;C:\Softwares\eclipse-jee-indigo-SR2-win32-x86_64\eclipse\plugins\org.apache.ant_1.8.2.v20120109-1030\lib\ant-apache-bsf.jar;C:\Softwares\eclipse-jee-indigo-SR2-win32-x86_64\eclipse\plugins\org.apache.ant_1.8.2.v20120109-1030\lib\ant-apache-log4j.jar;C:\Softwares\eclipse-jee-indigo-SR2-win32-x86_64\eclipse\plugins\org.apache.ant_1.8.2.v20120109-1030\lib\ant-apache-oro.jar;C:\Softwares\eclipse-jee-indigo-SR2-win32-x86_64\eclipse\plugins\org.apache.ant_1.8.2.v20120109-1030\lib\ant-apache-regexp.jar;C:\Softwares\eclipse-jee-indigo-SR2-win32-x86_64\eclipse\plugins\org.apache.ant_1.8.2.v20120109-1030\lib\ant-apache-resolver.jar;C:\Softwares\eclipse-jee-indigo-SR2-win32-x86_64\eclipse\plugins\org.apache.ant_1.8.2.v20120109-1030\lib\ant-apache-xalan2.jar;C:\Softwares\eclipse-jee-indigo-SR2-win32-x86_64\eclipse\plugins\org.apache.ant_1.8.2.v20120109-1030\lib\ant-commons-logging.jar;C:\Softwares\eclipse-jee-indigo-SR2-win32-x86_64\eclipse\plugins\org.apache.ant_1.8.2.v20120109-1030\lib\ant-commons-net.jar;C:\Softwares\eclipse-jee-indigo-SR2-win32-x86_64\eclipse\plugins\org.apache.ant_1.8.2.v20120109-1030\lib\ant-jai.jar;C:\Softwares\eclipse-jee-indigo-SR2-win32-x86_64\eclipse\plugins\org.apache.ant_1.8.2.v20120109-1030\lib\ant-javamail.jar;C:\Softwares\eclipse-jee-indigo-SR2-win32-x86_64\eclipse\plugins\org.apache.ant_1.8.2.v20120109-1030\lib\ant-jdepend.jar;C:\Softwares\eclipse-jee-indigo-SR2-win32-x86_64\eclipse\plugins\org.apache.ant_1.8.2.v20120109-1030\lib\ant-jmf.jar;C:\Softwares\eclipse-jee-indigo-SR2-win32-x86_64\eclipse\plugins\org.apache.ant_1.8.2.v20120109-1030\lib\ant-jsch.jar;C:\Softwares\eclipse-jee-indigo-SR2-win32-x86_64\eclipse\plugins\org.apache.ant_1.8.2.v20120109-1030\lib\ant-junit.jar;C:\Softwares\eclipse-jee-indigo-SR2-win32-x86_64\eclipse\plugins\org.apache.ant_1.8.2.v20120109-1030\lib\ant-junit4.jar;C:\Softwares\eclipse-jee-indigo-SR2-win32-x86_64\eclipse\plugins\org.apache.ant_1.8.2.v20120109-1030\lib\ant-launcher.jar;C:\Softwares\eclipse-jee-indigo-SR2-win32-x86_64\eclipse\plugins\org.apache.ant_1.8.2.v20120109-1030\lib\ant-netrexx.jar;C:\Softwares\eclipse-jee-indigo-SR2-win32-x86_64\eclipse\plugins\org.apache.ant_1.8.2.v20120109-1030\lib\ant-swing.jar;C:\Softwares\eclipse-jee-indigo-SR2-win32-x86_64\eclipse\plugins\org.apache.ant_1.8.2.v20120109-1030\lib\ant-testutil.jar;C:\Softwares\eclipse-jee-indigo-SR2-win32-x86_64\eclipse\plugins\org.apache.ant_1.8.2.v20120109-1030\lib\ant.jar;C:\Softwares\eclipse-jee-indigo-SR2-win32-x86_64\eclipse\configuration\org.eclipse.osgi\bundles\56\1\.cp\lib\antdebug.jar;C:\Softwares\eclipse-jee-indigo-SR2-win32-x86_64\eclipse\configuration\org.eclipse.osgi\bundles\56\1\.cp\lib\remote.jar;C:\Softwares\eclipse-jee-indigo-SR2-win32-x86_64\eclipse\configuration\org.eclipse.osgi\bundles\57\1\.cp\lib\remoteAnt.jar;C:\Program Files (x86)\Java\jdk1.7.0_09\lib\tools.jar;C:\Softwares\eclipse-jee-indigo-SR2-win32-x86_64\eclipse\plugins\org.eclipse.swt.win32.win32.x86_64_3.7.2.v3740f.jar" />
    <property name="ant.version" value="Apache Ant(TM) version 1.8.2 compiled on December 20 2010" />
    <property name="java.vm.specification.name" value="Java Virtual Machine Specification" />
    <property name="java.vm.specification.version" value="1.7" />
    <property name="sun.cpu.endian" value="little" />
    <property name="sun.os.patch.level" value="" />
    <property name="eclipse.pdebuild.home" value="/C:/Softwares/eclipse-jee-indigo-SR2-win32-x86_64/eclipse/plugins/org.eclipse.pde.build_3.7.0.v20111116-2009/./" />
    <property name="java.io.tmpdir" value="C:\Users\PALLAV~1\AppData\Local\Temp\" />
    <property name="java.vendor.url.bug" value="http://bugreport.sun.com/bugreport/" />
    <property name="os.arch" value="x86" />
    <property name="java.awt.graphicsenv" value="sun.awt.Win32GraphicsEnvironment" />
    <property name="java.ext.dirs" value="C:\Program Files (x86)\Java\jre7\lib\ext;C:\WINDOWS\Sun\Java\lib\ext" />
    <property name="user.dir" value="C:\EclipseWorkspace\JAXBandAnt" />
    <property name="line.separator" value="&#xd;&#xa;" />
    <property name="java.vm.name" value="Java HotSpot(TM) Client VM" />
    <property name="basedir" value="C:\EclipseWorkspace\JAXBandAnt" />
    <property name="ant.java.version" value="1.7" />
    <property name="ant.core.lib" value="C:\Softwares\eclipse-jee-indigo-SR2-win32-x86_64\eclipse\plugins\org.apache.ant_1.8.2.v20120109-1030\lib\ant.jar" />
    <property name="file.encoding" value="Cp1252" />
    <property name="java.specification.version" value="1.7" />
    <property name="src.dir" value="C:\EclipseWorkspace\JAXBandAnt\src" />
    <property name="ant.project.invoked-targets" value="main" />
  </properties>
  <testcase classname="test.MyTest" name="testMulti" time="0.016" />
  <system-out><![CDATA[]]></system-out>
  <system-err><![CDATA[]]></system-err>
</testsuite>
